<?xml version="1.0" encoding="utf-8"?><testsuites name="pytest tests"><testsuite name="pytest" errors="0" failures="0" skipped="0" tests="15" time="3.423" timestamp="2026-07-24T18:19:52.749582+00:00" hostname="agent-env-4d556d6a-867f-4a9d-b6df-913a0ca75aff"><testcase classname="tests.test_budget_api_v2.TestScoping" name="test_categories_owner_scoped" time="0.194" /><testcase classname="tests.test_budget_api_v2.TestAuth" name="test_me_with_bearer" time="0.239" /><testcase classname="tests.test_budget_api_v2.TestScoping" name="test_accounts_owner_scoped" time="0.217" /><testcase classname="tests.test_budget_api_v2.TestAuth" name="test_missing_token_401" time="0.211" /><testcase classname="tests.test_budget_api_v2.TestScoping" name="test_transactions_owner_scoped" time="0.105" /><testcase classname="tests.test_budget_api_v2.TestAuth" name="test_bad_token_401" time="0.173" /><testcase classname="tests.test_budget_api_v2.TestScoping" name="test_allocations_owner_scoped" time="0.132" /><testcase classname="tests.test_budget_api_v2.TestAuth" name="test_session_missing_body_400_or_422" time="0.099" /><testcase classname="tests.test_budget_api_v2.TestTransfer" name="test_transfer_moves_balance_and_delete_reverts" time="0.907" /><testcase classname="tests.test_budget_api_v2.TestBalanceSnapshots" name="test_upsert_snapshot_sets_account_balance" time="0.781" /><testcase classname="tests.test_budget_api_v2.TestRollover" name="test_rollover_copies_categories_and_updates_brought_forward" time="1.315" /><testcase classname="tests.test_budget_api_v2.TestTransfer" name="test_transfer_requires_both_accounts" time="0.115" /><testcase classname="tests.test_budget_api_v2.TestBudgetsSharing" name="test_budget_crud_share_write_and_readonly" time="1.445" /><testcase classname="tests.test_budget_api_v2.TestCharts" name="test_charts_shape" time="0.127" /><testcase classname="tests.test_budget_api_v2.TestExcelExport" name="test_export_valid_xlsx_with_three_sheets" time="0.133" /></testsuite></testsuites>