<?xml version="1.0" encoding="utf-8"?><testsuites name="pytest tests"><testsuite name="pytest" errors="0" failures="0" skipped="0" tests="10" time="1.792" timestamp="2026-07-24T17:49:38.345772+00:00" hostname="agent-env-4d556d6a-867f-4a9d-b6df-913a0ca75aff"><testcase classname="tests.test_budget_api" name="test_months" time="0.289" /><testcase classname="tests.test_budget_api" name="test_summary_july" time="0.057" /><testcase classname="tests.test_budget_api" name="test_list_categories" time="0.054" /><testcase classname="tests.test_budget_api" name="test_category_crud" time="0.256" /><testcase classname="tests.test_budget_api" name="test_list_transactions" time="0.055" /><testcase classname="tests.test_budget_api" name="test_transaction_crud_and_month" time="0.302" /><testcase classname="tests.test_budget_api" name="test_list_accounts" time="0.055" /><testcase classname="tests.test_budget_api" name="test_account_crud" time="0.207" /><testcase classname="tests.test_budget_api" name="test_list_allocations" time="0.051" /><testcase classname="tests.test_budget_api" name="test_update_allocation" time="0.152" /></testsuite></testsuites>